<?xml version="1.0" encoding="UTF-8"?>
<!-- Generated by org.testng.reporters.JUnitXMLReporter -->
<testsuite ignored="0" hostname="DESKTOP-UMEFVFH" failures="0" tests="3" name="edgetest" time="0.291" errors="0" timestamp="2024-03-13T01:22:58 IST">
  <testcase classname="day37.ParameterTest_Demo_By_ParallelTesting" name="@BeforeClass setup" time="-1.710273177691E9">
    <failure type="org.testng.TestNGException" message="
Parameter &amp;apos;url&amp;apos; is required by BeforeClass on method setup but has not been marked @Optional or defined
in C:\Users\ASUS\Desktop\Javacorerevised\seleniumproject_1\src\test\java\day37\testng.xml">
      <![CDATA[org.testng.TestNGException: 
Parameter 'url' is required by BeforeClass on method setup but has not been marked @Optional or defined
in C:\Users\ASUS\Desktop\Javacorerevised\seleniumproject_1\src\test\java\day37\testng.xml
at java.base/java.util.ArrayList.forEach(ArrayList.java:1511)
at java.base/java.util.concurrent.FutureTask.run(FutureTask.java:317)
at java.base/java.util.concurrent.ThreadPoolExecutor.runWorker(ThreadPoolExecutor.java:1144)
at java.base/java.util.concurrent.ThreadPoolExecutor$Worker.run(ThreadPoolExecutor.java:642)
at java.base/java.lang.Thread.run(Thread.java:1623)
... Removed 13 stack frames]]>
    </failure>
  </testcase> <!-- @BeforeClass setup -->
  <testcase classname="day37.ParameterTest_Demo_By_ParallelTesting" name="@AfterClass close" time="-1.7102731779E9">
    <skipped/>
  </testcase> <!-- @AfterClass close -->
  <testcase classname="day37.ParameterTest_Demo_By_ParallelTesting" name="testLogo" time="0.0">
    <skipped/>
  </testcase> <!-- testLogo -->
  <testcase classname="day37.ParameterTest_Demo_By_ParallelTesting" name="testHomePageTitle" time="0.0">
    <skipped/>
  </testcase> <!-- testHomePageTitle -->
  <testcase classname="day37.ParameterTest_Demo_By_ParallelTesting" name="loginTest" time="0.0">
    <skipped/>
  </testcase> <!-- loginTest -->
</testsuite> <!-- edgetest -->
